[25-Nov-2021 11:24:06 UTC] PHP Warning:  予期しないエラーが発生しました。WordPress.org かこのサーバーの設定に何か問題があるかもしれません。問題が続くようであれば、<a href="https://ja.wordpress.org/support/forums/">サポートフォーラム</a>を参照してみてください。 (WordPress は WordPress.org との安全な接続を確立できませんでした。サーバー管理者にご連絡ください) in /Users/kiyo/Local Sites/mysite/app/public/wp-includes/update.php on line 175
[25-Nov-2021 11:24:06 UTC] PHP Stack trace:
[25-Nov-2021 11:24:06 UTC] PHP   1. {main}() /Users/kiyo/Local Sites/mysite/app/public/wp-cron.php:0
[25-Nov-2021 11:24:06 UTC] PHP   2. do_action_ref_array() /Users/kiyo/Local Sites/mysite/app/public/wp-cron.php:138
[25-Nov-2021 11:24:06 UTC] PHP   3. WP_Hook->do_action() /Users/kiyo/Local Sites/mysite/app/public/wp-includes/plugin.php:518
[25-Nov-2021 11:24:06 UTC] PHP   4. WP_Hook->apply_filters() /Users/kiyo/Local Sites/mysite/app/public/wp-includes/class-wp-hook.php:327
[25-Nov-2021 11:24:06 UTC] PHP   5. wp_version_check() /Users/kiyo/Local Sites/mysite/app/public/wp-includes/class-wp-hook.php:303
[25-Nov-2021 11:24:06 UTC] PHP   6. trigger_error() /Users/kiyo/Local Sites/mysite/app/public/wp-includes/update.php:175
[25-Nov-2021 11:51:55 UTC] PHP Warning:  予期しないエラーが発生しました。WordPress.org かこのサーバーの設定に何か問題があるかもしれません。問題が続くようであれば、<a href="https://ja.wordpress.org/support/forums/">サポートフォーラム</a>を参照してみてください。 (WordPress は WordPress.org との安全な接続を確立できませんでした。サーバー管理者にご連絡ください) in /Users/kiyo/Local Sites/mysite/app/public/wp-includes/update.php on line 693
[25-Nov-2021 11:51:55 UTC] PHP Stack trace:
[25-Nov-2021 11:51:55 UTC] PHP   1. {main}() /Users/kiyo/Local Sites/mysite/app/public/wp-cron.php:0
[25-Nov-2021 11:51:55 UTC] PHP   2. do_action_ref_array() /Users/kiyo/Local Sites/mysite/app/public/wp-cron.php:138
[25-Nov-2021 11:51:55 UTC] PHP   3. WP_Hook->do_action() /Users/kiyo/Local Sites/mysite/app/public/wp-includes/plugin.php:518
[25-Nov-2021 11:51:55 UTC] PHP   4. WP_Hook->apply_filters() /Users/kiyo/Local Sites/mysite/app/public/wp-includes/class-wp-hook.php:327
[25-Nov-2021 11:51:55 UTC] PHP   5. wp_update_themes() /Users/kiyo/Local Sites/mysite/app/public/wp-includes/class-wp-hook.php:303
[25-Nov-2021 11:51:55 UTC] PHP   6. trigger_error() /Users/kiyo/Local Sites/mysite/app/public/wp-includes/update.php:693
[28-Nov-2021 23:32:48 UTC] PHP Fatal error:  Uncaught Error: Call to undefined function the_exerpt() in /Users/kiyo/Local Sites/mysite/app/public/wp-content/themes/myblog/index.php:84
Stack trace:
#0 /Users/kiyo/Local Sites/mysite/app/public/wp-includes/template-loader.php(106): include()
#1 /Users/kiyo/Local Sites/mysite/app/public/wp-blog-header.php(19): require_once('/Users/kiyo/Loc...')
#2 /Users/kiyo/Local Sites/mysite/app/public/index.php(17): require('/Users/kiyo/Loc...')
#3 {main}
  thrown in /Users/kiyo/Local Sites/mysite/app/public/wp-content/themes/myblog/index.php on line 84
[28-Nov-2021 23:32:49 UTC] PHP Fatal error:  Uncaught Error: Call to undefined function the_exerpt() in /Users/kiyo/Local Sites/mysite/app/public/wp-content/themes/myblog/index.php:84
Stack trace:
#0 /Users/kiyo/Local Sites/mysite/app/public/wp-includes/template-loader.php(106): include()
#1 /Users/kiyo/Local Sites/mysite/app/public/wp-blog-header.php(19): require_once('/Users/kiyo/Loc...')
#2 /Users/kiyo/Local Sites/mysite/app/public/index.php(17): require('/Users/kiyo/Loc...')
#3 {main}
  thrown in /Users/kiyo/Local Sites/mysite/app/public/wp-content/themes/myblog/index.php on line 84
[29-Nov-2021 00:05:21 UTC] PHP Fatal error:  Uncaught Error: Call to undefined function the_parmalink() in /Users/kiyo/Local Sites/mysite/app/public/wp-content/themes/myblog/index.php:79
Stack trace:
#0 /Users/kiyo/Local Sites/mysite/app/public/wp-includes/template-loader.php(106): include()
#1 /Users/kiyo/Local Sites/mysite/app/public/wp-blog-header.php(19): require_once('/Users/kiyo/Loc...')
#2 /Users/kiyo/Local Sites/mysite/app/public/index.php(17): require('/Users/kiyo/Loc...')
#3 {main}
  thrown in /Users/kiyo/Local Sites/mysite/app/public/wp-content/themes/myblog/index.php on line 79
[29-Nov-2021 00:24:11 UTC] PHP Fatal error:  Uncaught Error: Call to undefined function the_tilte() in /Users/kiyo/Local Sites/mysite/app/public/wp-content/themes/myblog/header.php:6
Stack trace:
#0 /Users/kiyo/Local Sites/mysite/app/public/wp-includes/template.php(770): require_once()
#1 /Users/kiyo/Local Sites/mysite/app/public/wp-includes/template.php(716): load_template('/Users/kiyo/Loc...', true, Array)
#2 /Users/kiyo/Local Sites/mysite/app/public/wp-includes/general-template.php(48): locate_template(Array, true, true, Array)
#3 /Users/kiyo/Local Sites/mysite/app/public/wp-content/themes/myblog/single.php(6): get_header()
#4 /Users/kiyo/Local Sites/mysite/app/public/wp-includes/template-loader.php(106): include('/Users/kiyo/Loc...')
#5 /Users/kiyo/Local Sites/mysite/app/public/wp-blog-header.php(19): require_once('/Users/kiyo/Loc...')
#6 /Users/kiyo/Local Sites/mysite/app/public/index.php(17): require('/Users/kiyo/Loc...')
#7 {main}
  thrown in /Users/kiyo/Local Sites/mysite/app/public/wp-content/themes/myblog/header.php on line 6
[29-Nov-2021 00:24:32 UTC] PHP Fatal error:  Uncaught Error: Call to undefined function the_tilte() in /Users/kiyo/Local Sites/mysite/app/public/wp-content/themes/myblog/header.php:6
Stack trace:
#0 /Users/kiyo/Local Sites/mysite/app/public/wp-includes/template.php(770): require_once()
#1 /Users/kiyo/Local Sites/mysite/app/public/wp-includes/template.php(716): load_template('/Users/kiyo/Loc...', true, Array)
#2 /Users/kiyo/Local Sites/mysite/app/public/wp-includes/general-template.php(48): locate_template(Array, true, true, Array)
#3 /Users/kiyo/Local Sites/mysite/app/public/wp-content/themes/myblog/index.php(5): get_header()
#4 /Users/kiyo/Local Sites/mysite/app/public/wp-includes/template-loader.php(106): include('/Users/kiyo/Loc...')
#5 /Users/kiyo/Local Sites/mysite/app/public/wp-blog-header.php(19): require_once('/Users/kiyo/Loc...')
#6 /Users/kiyo/Local Sites/mysite/app/public/index.php(17): require('/Users/kiyo/Loc...')
#7 {main}
  thrown in /Users/kiyo/Local Sites/mysite/app/public/wp-content/themes/myblog/header.php on line 6
[29-Nov-2021 01:40:22 UTC] PHP Fatal error:  Uncaught Error: Call to undefined function the_tilte() in /Users/kiyo/Local Sites/mysite/app/public/wp-content/themes/myblog/single.php:22
Stack trace:
#0 /Users/kiyo/Local Sites/mysite/app/public/wp-includes/template-loader.php(106): include()
#1 /Users/kiyo/Local Sites/mysite/app/public/wp-blog-header.php(19): require_once('/Users/kiyo/Loc...')
#2 /Users/kiyo/Local Sites/mysite/app/public/index.php(17): require('/Users/kiyo/Loc...')
#3 {main}
  thrown in /Users/kiyo/Local Sites/mysite/app/public/wp-content/themes/myblog/single.php on line 22
